<?xml version="1.0" encoding="UTF-8"?>
<testsuite xmlns:xsi="http://www.w3.org/2001/XMLSchema-instance" xsi:noNamespaceSchemaLocation="https://maven.apache.org/surefire/maven-surefire-plugin/xsd/surefire-test-report.xsd" name="eu.arrowhead.common.token.TokenUtilitiesTest" time="3.125" tests="14" errors="0" skipped="0" failures="0">
  <properties>
    <property name="awt.toolkit" value="sun.awt.X11.XToolkit"/>
    <property name="java.specification.version" value="11"/>
    <property name="sun.cpu.isalist" value=""/>
    <property name="sun.jnu.encoding" value="UTF-8"/>
    <property name="java.class.path" value="/home/arrowhead/mismatch-analysis-system/core-java-spring/core-common/target/test-classes:/home/arrowhead/mismatch-analysis-system/core-java-spring/core-common/target/classes:/home/arrowhead/.m2/repository/org/bouncycastle/bcpkix-jdk15on/1.69/bcpkix-jdk15on-1.69.jar:/home/arrowhead/.m2/repository/org/bouncycastle/bcprov-jdk15on/1.69/bcprov-jdk15on-1.69.jar:/home/arrowhead/.m2/repository/org/bouncycastle/bcutil-jdk15on/1.69/bcutil-jdk15on-1.69.jar:/home/arrowhead/.m2/repository/org/springframework/boot/spring-boot-starter/2.1.5.RELEASE/spring-boot-starter-2.1.5.RELEASE.jar:/home/arrowhead/.m2/repository/org/springframework/boot/spring-boot/2.1.5.RELEASE/spring-boot-2.1.5.RELEASE.jar:/home/arrowhead/.m2/repository/org/springframework/spring-context/5.1.7.RELEASE/spring-context-5.1.7.RELEASE.jar:/home/arrowhead/.m2/repository/org/springframework/boot/spring-boot-autoconfigure/2.1.5.RELEASE/spring-boot-autoconfigure-2.1.5.RELEASE.jar:/home/arrowhead/.m2/repository/javax/annotation/javax.annotation-api/1.3.2/javax.annotation-api-1.3.2.jar:/home/arrowhead/.m2/repository/org/springframework/spring-core/5.1.7.RELEASE/spring-core-5.1.7.RELEASE.jar:/home/arrowhead/.m2/repository/org/springframework/spring-jcl/5.1.7.RELEASE/spring-jcl-5.1.7.RELEASE.jar:/home/arrowhead/.m2/repository/org/yaml/snakeyaml/1.23/snakeyaml-1.23.jar:/home/arrowhead/.m2/repository/org/springframework/boot/spring-boot-starter-log4j2/2.1.5.RELEASE/spring-boot-starter-log4j2-2.1.5.RELEASE.jar:/home/arrowhead/.m2/repository/org/apache/logging/log4j/log4j-slf4j-impl/2.11.2/log4j-slf4j-impl-2.11.2.jar:/home/arrowhead/.m2/repository/org/apache/logging/log4j/log4j-api/2.11.2/log4j-api-2.11.2.jar:/home/arrowhead/.m2/repository/org/apache/logging/log4j/log4j-core/2.11.2/log4j-core-2.11.2.jar:/home/arrowhead/.m2/repository/org/apache/logging/log4j/log4j-jul/2.11.2/log4j-jul-2.11.2.jar:/home/arrowhead/.m2/repository/org/slf4j/jul-to-slf4j/1.7.26/jul-to-slf4j-1.7.26.jar:/home/arrowhead/.m2/repository/org/springframework/boot/spring-boot-starter-amqp/2.1.5.RELEASE/spring-boot-starter-amqp-2.1.5.RELEASE.jar:/home/arrowhead/.m2/repository/org/springframework/spring-messaging/5.1.7.RELEASE/spring-messaging-5.1.7.RELEASE.jar:/home/arrowhead/.m2/repository/org/springframework/amqp/spring-rabbit/2.1.6.RELEASE/spring-rabbit-2.1.6.RELEASE.jar:/home/arrowhead/.m2/repository/org/springframework/amqp/spring-amqp/2.1.6.RELEASE/spring-amqp-2.1.6.RELEASE.jar:/home/arrowhead/.m2/repository/com/rabbitmq/amqp-client/5.4.3/amqp-client-5.4.3.jar:/home/arrowhead/.m2/repository/org/springframework/boot/spring-boot-starter-data-jpa/2.1.5.RELEASE/spring-boot-starter-data-jpa-2.1.5.RELEASE.jar:/home/arrowhead/.m2/repository/org/springframework/boot/spring-boot-starter-aop/2.1.5.RELEASE/spring-boot-starter-aop-2.1.5.RELEASE.jar:/home/arrowhead/.m2/repository/org/aspectj/aspectjweaver/1.9.4/aspectjweaver-1.9.4.jar:/home/arrowhead/.m2/repository/org/springframework/boot/spring-boot-starter-jdbc/2.1.5.RELEASE/spring-boot-starter-jdbc-2.1.5.RELEASE.jar:/home/arrowhead/.m2/repository/com/zaxxer/HikariCP/3.2.0/HikariCP-3.2.0.jar:/home/arrowhead/.m2/repository/org/springframework/spring-jdbc/5.1.7.RELEASE/spring-jdbc-5.1.7.RELEASE.jar:/home/arrowhead/.m2/repository/javax/transaction/javax.transaction-api/1.3/javax.transaction-api-1.3.jar:/home/arrowhead/.m2/repository/javax/xml/bind/jaxb-api/2.3.1/jaxb-api-2.3.1.jar:/home/arrowhead/.m2/repository/javax/activation/javax.activation-api/1.2.0/javax.activation-api-1.2.0.jar:/home/arrowhead/.m2/repository/org/hibernate/hibernate-core/5.3.10.Final/hibernate-core-5.3.10.Final.jar:/home/arrowhead/.m2/repository/org/jboss/logging/jboss-logging/3.3.2.Final/jboss-logging-3.3.2.Final.jar:/home/arrowhead/.m2/repository/javax/persistence/javax.persistence-api/2.2/javax.persistence-api-2.2.jar:/home/arrowhead/.m2/repository/org/javassist/javassist/3.23.2-GA/javassist-3.23.2-GA.jar:/home/arrowhead/.m2/repository/net/bytebuddy/byte-buddy/1.9.12/byte-buddy-1.9.12.jar:/home/arrowhead/.m2/repository/antlr/antlr/2.7.7/antlr-2.7.7.jar:/home/arrowhead/.m2/repository/org/jboss/jandex/2.0.5.Final/jandex-2.0.5.Final.jar:/home/arrowhead/.m2/repository/org/dom4j/dom4j/2.1.1/dom4j-2.1.1.jar:/home/arrowhead/.m2/repository/org/hibernate/common/hibernate-commons-annotations/5.0.4.Final/hibernate-commons-annotations-5.0.4.Final.jar:/home/arrowhead/.m2/repository/org/springframework/data/spring-data-jpa/2.1.8.RELEASE/spring-data-jpa-2.1.8.RELEASE.jar:/home/arrowhead/.m2/repository/org/springframework/data/spring-data-commons/2.1.8.RELEASE/spring-data-commons-2.1.8.RELEASE.jar:/home/arrowhead/.m2/repository/org/springframework/spring-orm/5.1.7.RELEASE/spring-orm-5.1.7.RELEASE.jar:/home/arrowhead/.m2/repository/org/springframework/spring-aspects/5.1.7.RELEASE/spring-aspects-5.1.7.RELEASE.jar:/home/arrowhead/.m2/repository/org/springframework/boot/spring-boot-starter-integration/2.1.5.RELEASE/spring-boot-starter-integration-2.1.5.RELEASE.jar:/home/arrowhead/.m2/repository/org/springframework/integration/spring-integration-core/5.1.5.RELEASE/spring-integration-core-5.1.5.RELEASE.jar:/home/arrowhead/.m2/repository/org/springframework/retry/spring-retry/1.2.4.RELEASE/spring-retry-1.2.4.RELEASE.jar:/home/arrowhead/.m2/repository/io/projectreactor/reactor-core/3.2.9.RELEASE/reactor-core-3.2.9.RELEASE.jar:/home/arrowhead/.m2/repository/org/reactivestreams/reactive-streams/1.0.2/reactive-streams-1.0.2.jar:/home/arrowhead/.m2/repository/org/springframework/boot/spring-boot-starter-quartz/2.1.5.RELEASE/spring-boot-starter-quartz-2.1.5.RELEASE.jar:/home/arrowhead/.m2/repository/org/springframework/spring-context-support/5.1.7.RELEASE/spring-context-support-5.1.7.RELEASE.jar:/home/arrowhead/.m2/repository/org/springframework/spring-tx/5.1.7.RELEASE/spring-tx-5.1.7.RELEASE.jar:/home/arrowhead/.m2/repository/org/quartz-scheduler/quartz/2.3.1/quartz-2.3.1.jar:/home/arrowhead/.m2/repository/com/mchange/mchange-commons-java/0.2.15/mchange-commons-java-0.2.15.jar:/home/arrowhead/.m2/repository/org/springframework/boot/spring-boot-starter-security/2.1.5.RELEASE/spring-boot-starter-security-2.1.5.RELEASE.jar:/home/arrowhead/.m2/repository/org/springframework/spring-aop/5.1.7.RELEASE/spring-aop-5.1.7.RELEASE.jar:/home/arrowhead/.m2/repository/org/springframework/security/spring-security-config/5.1.5.RELEASE/spring-security-config-5.1.5.RELEASE.jar:/home/arrowhead/.m2/repository/org/springframework/security/spring-security-web/5.1.5.RELEASE/spring-security-web-5.1.5.RELEASE.jar:/home/arrowhead/.m2/repository/org/springframework/spring-expression/5.1.7.RELEASE/spring-expression-5.1.7.RELEASE.jar:/home/arrowhead/.m2/repository/org/springframework/boot/spring-boot-starter-web/2.1.5.RELEASE/spring-boot-starter-web-2.1.5.RELEASE.jar:/home/arrowhead/.m2/repository/org/springframework/boot/spring-boot-starter-json/2.1.5.RELEASE/spring-boot-starter-json-2.1.5.RELEASE.jar:/home/arrowhead/.m2/repository/com/fasterxml/jackson/core/jackson-databind/2.9.8/jackson-databind-2.9.8.jar:/home/arrowhead/.m2/repository/com/fasterxml/jackson/core/jackson-core/2.9.8/jackson-core-2.9.8.jar:/home/arrowhead/.m2/repository/com/fasterxml/jackson/datatype/jackson-datatype-jdk8/2.9.8/jackson-datatype-jdk8-2.9.8.jar:/home/arrowhead/.m2/repository/com/fasterxml/jackson/datatype/jackson-datatype-jsr310/2.9.8/jackson-datatype-jsr310-2.9.8.jar:/home/arrowhead/.m2/repository/com/fasterxml/jackson/module/jackson-module-parameter-names/2.9.8/jackson-module-parameter-names-2.9.8.jar:/home/arrowhead/.m2/repository/org/springframework/boot/spring-boot-starter-tomcat/2.1.5.RELEASE/spring-boot-starter-tomcat-2.1.5.RELEASE.jar:/home/arrowhead/.m2/repository/org/apache/tomcat/embed/tomcat-embed-core/9.0.19/tomcat-embed-core-9.0.19.jar:/home/arrowhead/.m2/repository/org/apache/tomcat/embed/tomcat-embed-el/9.0.19/tomcat-embed-el-9.0.19.jar:/home/arrowhead/.m2/repository/org/apache/tomcat/embed/tomcat-embed-websocket/9.0.19/tomcat-embed-websocket-9.0.19.jar:/home/arrowhead/.m2/repository/org/hibernate/validator/hibernate-validator/6.0.16.Final/hibernate-validator-6.0.16.Final.jar:/home/arrowhead/.m2/repository/javax/validation/validation-api/2.0.1.Final/validation-api-2.0.1.Final.jar:/home/arrowhead/.m2/repository/org/springframework/spring-web/5.1.7.RELEASE/spring-web-5.1.7.RELEASE.jar:/home/arrowhead/.m2/repository/org/springframework/spring-webmvc/5.1.7.RELEASE/spring-webmvc-5.1.7.RELEASE.jar:/home/arrowhead/.m2/repository/org/springframework/boot/spring-boot-starter-websocket/2.1.5.RELEASE/spring-boot-starter-websocket-2.1.5.RELEASE.jar:/home/arrowhead/.m2/repository/org/springframework/spring-websocket/5.1.7.RELEASE/spring-websocket-5.1.7.RELEASE.jar:/home/arrowhead/.m2/repository/org/springframework/boot/spring-boot-configuration-processor/2.1.5.RELEASE/spring-boot-configuration-processor-2.1.5.RELEASE.jar:/home/arrowhead/.m2/repository/com/lmax/disruptor/3.3.6/disruptor-3.3.6.jar:/home/arrowhead/.m2/repository/org/apache/httpcomponents/httpclient/4.5.8/httpclient-4.5.8.jar:/home/arrowhead/.m2/repository/org/apache/httpcomponents/httpcore/4.4.11/httpcore-4.4.11.jar:/home/arrowhead/.m2/repository/commons-codec/commons-codec/1.11/commons-codec-1.11.jar:/home/arrowhead/.m2/repository/org/bitbucket/b_c/jose4j/0.6.5/jose4j-0.6.5.jar:/home/arrowhead/.m2/repository/org/slf4j/slf4j-api/1.7.26/slf4j-api-1.7.26.jar:/home/arrowhead/.m2/repository/org/apache/commons/commons-lang3/3.9/commons-lang3-3.9.jar:/home/arrowhead/.m2/repository/javax/jms/javax.jms-api/2.0.1/javax.jms-api-2.0.1.jar:/home/arrowhead/.m2/repository/org/apache/activemq/activemq-client/5.15.9/activemq-client-5.15.9.jar:/home/arrowhead/.m2/repository/org/apache/geronimo/specs/geronimo-jms_1.1_spec/1.1.1/geronimo-jms_1.1_spec-1.1.1.jar:/home/arrowhead/.m2/repository/org/fusesource/hawtbuf/hawtbuf/1.11/hawtbuf-1.11.jar:/home/arrowhead/.m2/repository/org/apache/geronimo/specs/geronimo-j2ee-management_1.1_spec/1.0.1/geronimo-j2ee-management_1.1_spec-1.0.1.jar:/home/arrowhead/.m2/repository/org/springframework/spring-jms/5.1.7.RELEASE/spring-jms-5.1.7.RELEASE.jar:/home/arrowhead/.m2/repository/org/springframework/spring-beans/5.1.7.RELEASE/spring-beans-5.1.7.RELEASE.jar:/home/arrowhead/.m2/repository/org/springframework/boot/spring-boot-starter-activemq/2.1.5.RELEASE/spring-boot-starter-activemq-2.1.5.RELEASE.jar:/home/arrowhead/.m2/repository/org/apache/activemq/activemq-broker/5.15.9/activemq-broker-5.15.9.jar:/home/arrowhead/.m2/repository/org/apache/activemq/activemq-openwire-legacy/5.15.9/activemq-openwire-legacy-5.15.9.jar:/home/arrowhead/.m2/repository/io/springfox/springfox-swagger2/2.9.2/springfox-swagger2-2.9.2.jar:/home/arrowhead/.m2/repository/io/swagger/swagger-annotations/1.5.20/swagger-annotations-1.5.20.jar:/home/arrowhead/.m2/repository/io/swagger/swagger-models/1.5.20/swagger-models-1.5.20.jar:/home/arrowhead/.m2/repository/com/fasterxml/jackson/core/jackson-annotations/2.9.0/jackson-annotations-2.9.0.jar:/home/arrowhead/.m2/repository/io/springfox/springfox-spi/2.9.2/springfox-spi-2.9.2.jar:/home/arrowhead/.m2/repository/io/springfox/springfox-core/2.9.2/springfox-core-2.9.2.jar:/home/arrowhead/.m2/repository/io/springfox/springfox-schema/2.9.2/springfox-schema-2.9.2.jar:/home/arrowhead/.m2/repository/io/springfox/springfox-swagger-common/2.9.2/springfox-swagger-common-2.9.2.jar:/home/arrowhead/.m2/repository/io/springfox/springfox-spring-web/2.9.2/springfox-spring-web-2.9.2.jar:/home/arrowhead/.m2/repository/com/google/guava/guava/20.0/guava-20.0.jar:/home/arrowhead/.m2/repository/com/fasterxml/classmate/1.4.0/classmate-1.4.0.jar:/home/arrowhead/.m2/repository/org/springframework/plugin/spring-plugin-core/1.2.0.RELEASE/spring-plugin-core-1.2.0.RELEASE.jar:/home/arrowhead/.m2/repository/org/springframework/plugin/spring-plugin-metadata/1.2.0.RELEASE/spring-plugin-metadata-1.2.0.RELEASE.jar:/home/arrowhead/.m2/repository/org/mapstruct/mapstruct/1.2.0.Final/mapstruct-1.2.0.Final.jar:/home/arrowhead/.m2/repository/io/springfox/springfox-swagger-ui/2.9.2/springfox-swagger-ui-2.9.2.jar:/home/arrowhead/.m2/repository/mysql/mysql-connector-java/8.0.16/mysql-connector-java-8.0.16.jar:/home/arrowhead/.m2/repository/org/eclipse/paho/org.eclipse.paho.client.mqttv3/1.2.2/org.eclipse.paho.client.mqttv3-1.2.2.jar:/home/arrowhead/.m2/repository/net/java/dev/jna/jna/5.5.0/jna-5.5.0.jar:/home/arrowhead/.m2/repository/net/java/dev/jna/jna-platform/5.5.0/jna-platform-5.5.0.jar:/home/arrowhead/.m2/repository/com/google/code/gson/gson/2.8.6/gson-2.8.6.jar:/home/arrowhead/.m2/repository/commons-net/commons-net/3.8.0/commons-net-3.8.0.jar:/home/arrowhead/.m2/repository/org/springframework/boot/spring-boot-starter-test/2.1.5.RELEASE/spring-boot-starter-test-2.1.5.RELEASE.jar:/home/arrowhead/.m2/repository/org/springframework/boot/spring-boot-test/2.1.5.RELEASE/spring-boot-test-2.1.5.RELEASE.jar:/home/arrowhead/.m2/repository/org/springframework/boot/spring-boot-test-autoconfigure/2.1.5.RELEASE/spring-boot-test-autoconfigure-2.1.5.RELEASE.jar:/home/arrowhead/.m2/repository/com/jayway/jsonpath/json-path/2.4.0/json-path-2.4.0.jar:/home/arrowhead/.m2/repository/net/minidev/json-smart/2.3/json-smart-2.3.jar:/home/arrowhead/.m2/repository/net/minidev/accessors-smart/1.2/accessors-smart-1.2.jar:/home/arrowhead/.m2/repository/org/ow2/asm/asm/5.0.4/asm-5.0.4.jar:/home/arrowhead/.m2/repository/junit/junit/4.12/junit-4.12.jar:/home/arrowhead/.m2/repository/org/assertj/assertj-core/3.11.1/assertj-core-3.11.1.jar:/home/arrowhead/.m2/repository/org/mockito/mockito-core/2.23.4/mockito-core-2.23.4.jar:/home/arrowhead/.m2/repository/net/bytebuddy/byte-buddy-agent/1.9.12/byte-buddy-agent-1.9.12.jar:/home/arrowhead/.m2/repository/org/objenesis/objenesis/2.6/objenesis-2.6.jar:/home/arrowhead/.m2/repository/org/hamcrest/hamcrest-core/1.3/hamcrest-core-1.3.jar:/home/arrowhead/.m2/repository/org/hamcrest/hamcrest-library/1.3/hamcrest-library-1.3.jar:/home/arrowhead/.m2/repository/org/skyscreamer/jsonassert/1.5.0/jsonassert-1.5.0.jar:/home/arrowhead/.m2/repository/com/vaadin/external/google/android-json/0.0.20131108.vaadin1/android-json-0.0.20131108.vaadin1.jar:/home/arrowhead/.m2/repository/org/springframework/spring-test/5.1.7.RELEASE/spring-test-5.1.7.RELEASE.jar:/home/arrowhead/.m2/repository/org/xmlunit/xmlunit-core/2.6.2/xmlunit-core-2.6.2.jar:/home/arrowhead/.m2/repository/org/springframework/security/spring-security-test/5.1.5.RELEASE/spring-security-test-5.1.5.RELEASE.jar:/home/arrowhead/.m2/repository/org/springframework/security/spring-security-core/5.1.5.RELEASE/spring-security-core-5.1.5.RELEASE.jar:/home/arrowhead/.m2/repository/com/h2database/h2/1.4.199/h2-1.4.199.jar:"/>
    <property name="java.vm.vendor" value="Ubuntu"/>
    <property name="sun.arch.data.model" value="64"/>
    <property name="java.vendor.url" value="https://ubuntu.com/"/>
    <property name="user.timezone" value=""/>
    <property name="java.vm.specification.version" value="11"/>
    <property name="os.name" value="Linux"/>
    <property name="sun.java.launcher" value="SUN_STANDARD"/>
    <property name="user.country" value="US"/>
    <property name="sun.boot.library.path" value="/usr/lib/jvm/java-11-openjdk-amd64/lib"/>
    <property name="sun.java.command" value="/home/arrowhead/mismatch-analysis-system/core-java-spring/core-common/target/surefire/surefirebooter4046388106745538243.jar /home/arrowhead/mismatch-analysis-system/core-java-spring/core-common/target/surefire 2023-01-25T16-35-36_827-jvmRun1 surefire2826224901193282553tmp surefire_05676881473867742837tmp"/>
    <property name="jdk.debug" value="release"/>
    <property name="surefire.test.class.path" value="/home/arrowhead/mismatch-analysis-system/core-java-spring/core-common/target/test-classes:/home/arrowhead/mismatch-analysis-system/core-java-spring/core-common/target/classes:/home/arrowhead/.m2/repository/org/bouncycastle/bcpkix-jdk15on/1.69/bcpkix-jdk15on-1.69.jar:/home/arrowhead/.m2/repository/org/bouncycastle/bcprov-jdk15on/1.69/bcprov-jdk15on-1.69.jar:/home/arrowhead/.m2/repository/org/bouncycastle/bcutil-jdk15on/1.69/bcutil-jdk15on-1.69.jar:/home/arrowhead/.m2/repository/org/springframework/boot/spring-boot-starter/2.1.5.RELEASE/spring-boot-starter-2.1.5.RELEASE.jar:/home/arrowhead/.m2/repository/org/springframework/boot/spring-boot/2.1.5.RELEASE/spring-boot-2.1.5.RELEASE.jar:/home/arrowhead/.m2/repository/org/springframework/spring-context/5.1.7.RELEASE/spring-context-5.1.7.RELEASE.jar:/home/arrowhead/.m2/repository/org/springframework/boot/spring-boot-autoconfigure/2.1.5.RELEASE/spring-boot-autoconfigure-2.1.5.RELEASE.jar:/home/arrowhead/.m2/repository/javax/annotation/javax.annotation-api/1.3.2/javax.annotation-api-1.3.2.jar:/home/arrowhead/.m2/repository/org/springframework/spring-core/5.1.7.RELEASE/spring-core-5.1.7.RELEASE.jar:/home/arrowhead/.m2/repository/org/springframework/spring-jcl/5.1.7.RELEASE/spring-jcl-5.1.7.RELEASE.jar:/home/arrowhead/.m2/repository/org/yaml/snakeyaml/1.23/snakeyaml-1.23.jar:/home/arrowhead/.m2/repository/org/springframework/boot/spring-boot-starter-log4j2/2.1.5.RELEASE/spring-boot-starter-log4j2-2.1.5.RELEASE.jar:/home/arrowhead/.m2/repository/org/apache/logging/log4j/log4j-slf4j-impl/2.11.2/log4j-slf4j-impl-2.11.2.jar:/home/arrowhead/.m2/repository/org/apache/logging/log4j/log4j-api/2.11.2/log4j-api-2.11.2.jar:/home/arrowhead/.m2/repository/org/apache/logging/log4j/log4j-core/2.11.2/log4j-core-2.11.2.jar:/home/arrowhead/.m2/repository/org/apache/logging/log4j/log4j-jul/2.11.2/log4j-jul-2.11.2.jar:/home/arrowhead/.m2/repository/org/slf4j/jul-to-slf4j/1.7.26/jul-to-slf4j-1.7.26.jar:/home/arrowhead/.m2/repository/org/springframework/boot/spring-boot-starter-amqp/2.1.5.RELEASE/spring-boot-starter-amqp-2.1.5.RELEASE.jar:/home/arrowhead/.m2/repository/org/springframework/spring-messaging/5.1.7.RELEASE/spring-messaging-5.1.7.RELEASE.jar:/home/arrowhead/.m2/repository/org/springframework/amqp/spring-rabbit/2.1.6.RELEASE/spring-rabbit-2.1.6.RELEASE.jar:/home/arrowhead/.m2/repository/org/springframework/amqp/spring-amqp/2.1.6.RELEASE/spring-amqp-2.1.6.RELEASE.jar:/home/arrowhead/.m2/repository/com/rabbitmq/amqp-client/5.4.3/amqp-client-5.4.3.jar:/home/arrowhead/.m2/repository/org/springframework/boot/spring-boot-starter-data-jpa/2.1.5.RELEASE/spring-boot-starter-data-jpa-2.1.5.RELEASE.jar:/home/arrowhead/.m2/repository/org/springframework/boot/spring-boot-starter-aop/2.1.5.RELEASE/spring-boot-starter-aop-2.1.5.RELEASE.jar:/home/arrowhead/.m2/repository/org/aspectj/aspectjweaver/1.9.4/aspectjweaver-1.9.4.jar:/home/arrowhead/.m2/repository/org/springframework/boot/spring-boot-starter-jdbc/2.1.5.RELEASE/spring-boot-starter-jdbc-2.1.5.RELEASE.jar:/home/arrowhead/.m2/repository/com/zaxxer/HikariCP/3.2.0/HikariCP-3.2.0.jar:/home/arrowhead/.m2/repository/org/springframework/spring-jdbc/5.1.7.RELEASE/spring-jdbc-5.1.7.RELEASE.jar:/home/arrowhead/.m2/repository/javax/transaction/javax.transaction-api/1.3/javax.transaction-api-1.3.jar:/home/arrowhead/.m2/repository/javax/xml/bind/jaxb-api/2.3.1/jaxb-api-2.3.1.jar:/home/arrowhead/.m2/repository/javax/activation/javax.activation-api/1.2.0/javax.activation-api-1.2.0.jar:/home/arrowhead/.m2/repository/org/hibernate/hibernate-core/5.3.10.Final/hibernate-core-5.3.10.Final.jar:/home/arrowhead/.m2/repository/org/jboss/logging/jboss-logging/3.3.2.Final/jboss-logging-3.3.2.Final.jar:/home/arrowhead/.m2/repository/javax/persistence/javax.persistence-api/2.2/javax.persistence-api-2.2.jar:/home/arrowhead/.m2/repository/org/javassist/javassist/3.23.2-GA/javassist-3.23.2-GA.jar:/home/arrowhead/.m2/repository/net/bytebuddy/byte-buddy/1.9.12/byte-buddy-1.9.12.jar:/home/arrowhead/.m2/repository/antlr/antlr/2.7.7/antlr-2.7.7.jar:/home/arrowhead/.m2/repository/org/jboss/jandex/2.0.5.Final/jandex-2.0.5.Final.jar:/home/arrowhead/.m2/repository/org/dom4j/dom4j/2.1.1/dom4j-2.1.1.jar:/home/arrowhead/.m2/repository/org/hibernate/common/hibernate-commons-annotations/5.0.4.Final/hibernate-commons-annotations-5.0.4.Final.jar:/home/arrowhead/.m2/repository/org/springframework/data/spring-data-jpa/2.1.8.RELEASE/spring-data-jpa-2.1.8.RELEASE.jar:/home/arrowhead/.m2/repository/org/springframework/data/spring-data-commons/2.1.8.RELEASE/spring-data-commons-2.1.8.RELEASE.jar:/home/arrowhead/.m2/repository/org/springframework/spring-orm/5.1.7.RELEASE/spring-orm-5.1.7.RELEASE.jar:/home/arrowhead/.m2/repository/org/springframework/spring-aspects/5.1.7.RELEASE/spring-aspects-5.1.7.RELEASE.jar:/home/arrowhead/.m2/repository/org/springframework/boot/spring-boot-starter-integration/2.1.5.RELEASE/spring-boot-starter-integration-2.1.5.RELEASE.jar:/home/arrowhead/.m2/repository/org/springframework/integration/spring-integration-core/5.1.5.RELEASE/spring-integration-core-5.1.5.RELEASE.jar:/home/arrowhead/.m2/repository/org/springframework/retry/spring-retry/1.2.4.RELEASE/spring-retry-1.2.4.RELEASE.jar:/home/arrowhead/.m2/repository/io/projectreactor/reactor-core/3.2.9.RELEASE/reactor-core-3.2.9.RELEASE.jar:/home/arrowhead/.m2/repository/org/reactivestreams/reactive-streams/1.0.2/reactive-streams-1.0.2.jar:/home/arrowhead/.m2/repository/org/springframework/boot/spring-boot-starter-quartz/2.1.5.RELEASE/spring-boot-starter-quartz-2.1.5.RELEASE.jar:/home/arrowhead/.m2/repository/org/springframework/spring-context-support/5.1.7.RELEASE/spring-context-support-5.1.7.RELEASE.jar:/home/arrowhead/.m2/repository/org/springframework/spring-tx/5.1.7.RELEASE/spring-tx-5.1.7.RELEASE.jar:/home/arrowhead/.m2/repository/org/quartz-scheduler/quartz/2.3.1/quartz-2.3.1.jar:/home/arrowhead/.m2/repository/com/mchange/mchange-commons-java/0.2.15/mchange-commons-java-0.2.15.jar:/home/arrowhead/.m2/repository/org/springframework/boot/spring-boot-starter-security/2.1.5.RELEASE/spring-boot-starter-security-2.1.5.RELEASE.jar:/home/arrowhead/.m2/repository/org/springframework/spring-aop/5.1.7.RELEASE/spring-aop-5.1.7.RELEASE.jar:/home/arrowhead/.m2/repository/org/springframework/security/spring-security-config/5.1.5.RELEASE/spring-security-config-5.1.5.RELEASE.jar:/home/arrowhead/.m2/repository/org/springframework/security/spring-security-web/5.1.5.RELEASE/spring-security-web-5.1.5.RELEASE.jar:/home/arrowhead/.m2/repository/org/springframework/spring-expression/5.1.7.RELEASE/spring-expression-5.1.7.RELEASE.jar:/home/arrowhead/.m2/repository/org/springframework/boot/spring-boot-starter-web/2.1.5.RELEASE/spring-boot-starter-web-2.1.5.RELEASE.jar:/home/arrowhead/.m2/repository/org/springframework/boot/spring-boot-starter-json/2.1.5.RELEASE/spring-boot-starter-json-2.1.5.RELEASE.jar:/home/arrowhead/.m2/repository/com/fasterxml/jackson/core/jackson-databind/2.9.8/jackson-databind-2.9.8.jar:/home/arrowhead/.m2/repository/com/fasterxml/jackson/core/jackson-core/2.9.8/jackson-core-2.9.8.jar:/home/arrowhead/.m2/repository/com/fasterxml/jackson/datatype/jackson-datatype-jdk8/2.9.8/jackson-datatype-jdk8-2.9.8.jar:/home/arrowhead/.m2/repository/com/fasterxml/jackson/datatype/jackson-datatype-jsr310/2.9.8/jackson-datatype-jsr310-2.9.8.jar:/home/arrowhead/.m2/repository/com/fasterxml/jackson/module/jackson-module-parameter-names/2.9.8/jackson-module-parameter-names-2.9.8.jar:/home/arrowhead/.m2/repository/org/springframework/boot/spring-boot-starter-tomcat/2.1.5.RELEASE/spring-boot-starter-tomcat-2.1.5.RELEASE.jar:/home/arrowhead/.m2/repository/org/apache/tomcat/embed/tomcat-embed-core/9.0.19/tomcat-embed-core-9.0.19.jar:/home/arrowhead/.m2/repository/org/apache/tomcat/embed/tomcat-embed-el/9.0.19/tomcat-embed-el-9.0.19.jar:/home/arrowhead/.m2/repository/org/apache/tomcat/embed/tomcat-embed-websocket/9.0.19/tomcat-embed-websocket-9.0.19.jar:/home/arrowhead/.m2/repository/org/hibernate/validator/hibernate-validator/6.0.16.Final/hibernate-validator-6.0.16.Final.jar:/home/arrowhead/.m2/repository/javax/validation/validation-api/2.0.1.Final/validation-api-2.0.1.Final.jar:/home/arrowhead/.m2/repository/org/springframework/spring-web/5.1.7.RELEASE/spring-web-5.1.7.RELEASE.jar:/home/arrowhead/.m2/repository/org/springframework/spring-webmvc/5.1.7.RELEASE/spring-webmvc-5.1.7.RELEASE.jar:/home/arrowhead/.m2/repository/org/springframework/boot/spring-boot-starter-websocket/2.1.5.RELEASE/spring-boot-starter-websocket-2.1.5.RELEASE.jar:/home/arrowhead/.m2/repository/org/springframework/spring-websocket/5.1.7.RELEASE/spring-websocket-5.1.7.RELEASE.jar:/home/arrowhead/.m2/repository/org/springframework/boot/spring-boot-configuration-processor/2.1.5.RELEASE/spring-boot-configuration-processor-2.1.5.RELEASE.jar:/home/arrowhead/.m2/repository/com/lmax/disruptor/3.3.6/disruptor-3.3.6.jar:/home/arrowhead/.m2/repository/org/apache/httpcomponents/httpclient/4.5.8/httpclient-4.5.8.jar:/home/arrowhead/.m2/repository/org/apache/httpcomponents/httpcore/4.4.11/httpcore-4.4.11.jar:/home/arrowhead/.m2/repository/commons-codec/commons-codec/1.11/commons-codec-1.11.jar:/home/arrowhead/.m2/repository/org/bitbucket/b_c/jose4j/0.6.5/jose4j-0.6.5.jar:/home/arrowhead/.m2/repository/org/slf4j/slf4j-api/1.7.26/slf4j-api-1.7.26.jar:/home/arrowhead/.m2/repository/org/apache/commons/commons-lang3/3.9/commons-lang3-3.9.jar:/home/arrowhead/.m2/repository/javax/jms/javax.jms-api/2.0.1/javax.jms-api-2.0.1.jar:/home/arrowhead/.m2/repository/org/apache/activemq/activemq-client/5.15.9/activemq-client-5.15.9.jar:/home/arrowhead/.m2/repository/org/apache/geronimo/specs/geronimo-jms_1.1_spec/1.1.1/geronimo-jms_1.1_spec-1.1.1.jar:/home/arrowhead/.m2/repository/org/fusesource/hawtbuf/hawtbuf/1.11/hawtbuf-1.11.jar:/home/arrowhead/.m2/repository/org/apache/geronimo/specs/geronimo-j2ee-management_1.1_spec/1.0.1/geronimo-j2ee-management_1.1_spec-1.0.1.jar:/home/arrowhead/.m2/repository/org/springframework/spring-jms/5.1.7.RELEASE/spring-jms-5.1.7.RELEASE.jar:/home/arrowhead/.m2/repository/org/springframework/spring-beans/5.1.7.RELEASE/spring-beans-5.1.7.RELEASE.jar:/home/arrowhead/.m2/repository/org/springframework/boot/spring-boot-starter-activemq/2.1.5.RELEASE/spring-boot-starter-activemq-2.1.5.RELEASE.jar:/home/arrowhead/.m2/repository/org/apache/activemq/activemq-broker/5.15.9/activemq-broker-5.15.9.jar:/home/arrowhead/.m2/repository/org/apache/activemq/activemq-openwire-legacy/5.15.9/activemq-openwire-legacy-5.15.9.jar:/home/arrowhead/.m2/repository/io/springfox/springfox-swagger2/2.9.2/springfox-swagger2-2.9.2.jar:/home/arrowhead/.m2/repository/io/swagger/swagger-annotations/1.5.20/swagger-annotations-1.5.20.jar:/home/arrowhead/.m2/repository/io/swagger/swagger-models/1.5.20/swagger-models-1.5.20.jar:/home/arrowhead/.m2/repository/com/fasterxml/jackson/core/jackson-annotations/2.9.0/jackson-annotations-2.9.0.jar:/home/arrowhead/.m2/repository/io/springfox/springfox-spi/2.9.2/springfox-spi-2.9.2.jar:/home/arrowhead/.m2/repository/io/springfox/springfox-core/2.9.2/springfox-core-2.9.2.jar:/home/arrowhead/.m2/repository/io/springfox/springfox-schema/2.9.2/springfox-schema-2.9.2.jar:/home/arrowhead/.m2/repository/io/springfox/springfox-swagger-common/2.9.2/springfox-swagger-common-2.9.2.jar:/home/arrowhead/.m2/repository/io/springfox/springfox-spring-web/2.9.2/springfox-spring-web-2.9.2.jar:/home/arrowhead/.m2/repository/com/google/guava/guava/20.0/guava-20.0.jar:/home/arrowhead/.m2/repository/com/fasterxml/classmate/1.4.0/classmate-1.4.0.jar:/home/arrowhead/.m2/repository/org/springframework/plugin/spring-plugin-core/1.2.0.RELEASE/spring-plugin-core-1.2.0.RELEASE.jar:/home/arrowhead/.m2/repository/org/springframework/plugin/spring-plugin-metadata/1.2.0.RELEASE/spring-plugin-metadata-1.2.0.RELEASE.jar:/home/arrowhead/.m2/repository/org/mapstruct/mapstruct/1.2.0.Final/mapstruct-1.2.0.Final.jar:/home/arrowhead/.m2/repository/io/springfox/springfox-swagger-ui/2.9.2/springfox-swagger-ui-2.9.2.jar:/home/arrowhead/.m2/repository/mysql/mysql-connector-java/8.0.16/mysql-connector-java-8.0.16.jar:/home/arrowhead/.m2/repository/org/eclipse/paho/org.eclipse.paho.client.mqttv3/1.2.2/org.eclipse.paho.client.mqttv3-1.2.2.jar:/home/arrowhead/.m2/repository/net/java/dev/jna/jna/5.5.0/jna-5.5.0.jar:/home/arrowhead/.m2/repository/net/java/dev/jna/jna-platform/5.5.0/jna-platform-5.5.0.jar:/home/arrowhead/.m2/repository/com/google/code/gson/gson/2.8.6/gson-2.8.6.jar:/home/arrowhead/.m2/repository/commons-net/commons-net/3.8.0/commons-net-3.8.0.jar:/home/arrowhead/.m2/repository/org/springframework/boot/spring-boot-starter-test/2.1.5.RELEASE/spring-boot-starter-test-2.1.5.RELEASE.jar:/home/arrowhead/.m2/repository/org/springframework/boot/spring-boot-test/2.1.5.RELEASE/spring-boot-test-2.1.5.RELEASE.jar:/home/arrowhead/.m2/repository/org/springframework/boot/spring-boot-test-autoconfigure/2.1.5.RELEASE/spring-boot-test-autoconfigure-2.1.5.RELEASE.jar:/home/arrowhead/.m2/repository/com/jayway/jsonpath/json-path/2.4.0/json-path-2.4.0.jar:/home/arrowhead/.m2/repository/net/minidev/json-smart/2.3/json-smart-2.3.jar:/home/arrowhead/.m2/repository/net/minidev/accessors-smart/1.2/accessors-smart-1.2.jar:/home/arrowhead/.m2/repository/org/ow2/asm/asm/5.0.4/asm-5.0.4.jar:/home/arrowhead/.m2/repository/junit/junit/4.12/junit-4.12.jar:/home/arrowhead/.m2/repository/org/assertj/assertj-core/3.11.1/assertj-core-3.11.1.jar:/home/arrowhead/.m2/repository/org/mockito/mockito-core/2.23.4/mockito-core-2.23.4.jar:/home/arrowhead/.m2/repository/net/bytebuddy/byte-buddy-agent/1.9.12/byte-buddy-agent-1.9.12.jar:/home/arrowhead/.m2/repository/org/objenesis/objenesis/2.6/objenesis-2.6.jar:/home/arrowhead/.m2/repository/org/hamcrest/hamcrest-core/1.3/hamcrest-core-1.3.jar:/home/arrowhead/.m2/repository/org/hamcrest/hamcrest-library/1.3/hamcrest-library-1.3.jar:/home/arrowhead/.m2/repository/org/skyscreamer/jsonassert/1.5.0/jsonassert-1.5.0.jar:/home/arrowhead/.m2/repository/com/vaadin/external/google/android-json/0.0.20131108.vaadin1/android-json-0.0.20131108.vaadin1.jar:/home/arrowhead/.m2/repository/org/springframework/spring-test/5.1.7.RELEASE/spring-test-5.1.7.RELEASE.jar:/home/arrowhead/.m2/repository/org/xmlunit/xmlunit-core/2.6.2/xmlunit-core-2.6.2.jar:/home/arrowhead/.m2/repository/org/springframework/security/spring-security-test/5.1.5.RELEASE/spring-security-test-5.1.5.RELEASE.jar:/home/arrowhead/.m2/repository/org/springframework/security/spring-security-core/5.1.5.RELEASE/spring-security-core-5.1.5.RELEASE.jar:/home/arrowhead/.m2/repository/com/h2database/h2/1.4.199/h2-1.4.199.jar:"/>
    <property name="sun.cpu.endian" value="little"/>
    <property name="user.home" value="/home/arrowhead"/>
    <property name="user.language" value="en"/>
    <property name="java.specification.vendor" value="Oracle Corporation"/>
    <property name="java.version.date" value="2022-10-18"/>
    <property name="java.home" value="/usr/lib/jvm/java-11-openjdk-amd64"/>
    <property name="file.separator" value="/"/>
    <property name="basedir" value="/home/arrowhead/mismatch-analysis-system/core-java-spring/core-common"/>
    <property name="java.vm.compressedOopsMode" value="32-bit"/>
    <property name="line.separator" value="&#10;"/>
    <property name="java.specification.name" value="Java Platform API Specification"/>
    <property name="java.vm.specification.vendor" value="Oracle Corporation"/>
    <property name="java.awt.graphicsenv" value="sun.awt.X11GraphicsEnvironment"/>
    <property name="surefire.real.class.path" value="/home/arrowhead/mismatch-analysis-system/core-java-spring/core-common/target/surefire/surefirebooter4046388106745538243.jar"/>
    <property name="sun.management.compiler" value="HotSpot 64-Bit Tiered Compilers"/>
    <property name="java.runtime.version" value="11.0.17+8-post-Ubuntu-1ubuntu222.04"/>
    <property name="user.name" value="arrowhead"/>
    <property name="path.separator" value=":"/>
    <property name="os.version" value="5.15.0-58-generic"/>
    <property name="java.runtime.name" value="OpenJDK Runtime Environment"/>
    <property name="file.encoding" value="UTF-8"/>
    <property name="java.vm.name" value="OpenJDK 64-Bit Server VM"/>
    <property name="localRepository" value="/home/arrowhead/.m2/repository"/>
    <property name="java.vendor.url.bug" value="https://bugs.launchpad.net/ubuntu/+source/openjdk-lts"/>
    <property name="java.io.tmpdir" value="/tmp"/>
    <property name="java.version" value="11.0.17"/>
    <property name="user.dir" value="/home/arrowhead/mismatch-analysis-system/core-java-spring/core-common"/>
    <property name="os.arch" value="amd64"/>
    <property name="java.vm.specification.name" value="Java Virtual Machine Specification"/>
    <property name="java.awt.printerjob" value="sun.print.PSPrinterJob"/>
    <property name="sun.os.patch.level" value="unknown"/>
    <property name="java.library.path" value="/usr/java/packages/lib:/usr/lib/x86_64-linux-gnu/jni:/lib/x86_64-linux-gnu:/usr/lib/x86_64-linux-gnu:/usr/lib/jni:/lib:/usr/lib"/>
    <property name="java.vm.info" value="mixed mode, sharing"/>
    <property name="java.vendor" value="Ubuntu"/>
    <property name="java.vm.version" value="11.0.17+8-post-Ubuntu-1ubuntu222.04"/>
    <property name="sun.io.unicode.encoding" value="UnicodeLittle"/>
    <property name="java.class.version" value="55.0"/>
  </properties>
  <testcase name="testValidateTokenAndExtractTokenInfoMalformedServiceInfo" classname="eu.arrowhead.common.token.TokenUtilitiesTest" time="0.75"/>
  <testcase name="testValidateTokenAndExtractTokenInfoMissingInterfaceInfo" classname="eu.arrowhead.common.token.TokenUtilitiesTest" time="0.192"/>
  <testcase name="testValidateTokenAndExtractTokenInfoTokenMalformedExpirationTime" classname="eu.arrowhead.common.token.TokenUtilitiesTest" time="0.106"/>
  <testcase name="testValidateTokenAndExtractTokenInfoMissingConsumerInfo" classname="eu.arrowhead.common.token.TokenUtilitiesTest" time="0.13"/>
  <testcase name="testValidateTokenAndExtractTokenInfoEverythingIsOk" classname="eu.arrowhead.common.token.TokenUtilitiesTest" time="0.123"/>
  <testcase name="testValidateTokenAndExtractTokenInfoPrivateKeyNull" classname="eu.arrowhead.common.token.TokenUtilitiesTest" time="0.085"/>
  <testcase name="testValidateTokenAndExtractTokenInfoTokenEmpty" classname="eu.arrowhead.common.token.TokenUtilitiesTest" time="0.084"/>
  <testcase name="testValidateTokenAndExtractTokenInfoTokenProcessingFailed" classname="eu.arrowhead.common.token.TokenUtilitiesTest" time="0.089"/>
  <testcase name="testValidateTokenAndExtractTokenInfoPublicKeyNull" classname="eu.arrowhead.common.token.TokenUtilitiesTest" time="0.084"/>
  <testcase name="testValidateTokenAndExtractTokenInfoMalformedInterfaceInfo" classname="eu.arrowhead.common.token.TokenUtilitiesTest" time="0.096"/>
  <testcase name="testValidateTokenAndExtractTokenInfoMalformedConsumerInfo" classname="eu.arrowhead.common.token.TokenUtilitiesTest" time="0.108"/>
  <testcase name="testValidateTokenAndExtractTokenInfoTokenNull" classname="eu.arrowhead.common.token.TokenUtilitiesTest" time="0.084"/>
  <testcase name="testValidateTokenAndExtractTokenInfoExpirated" classname="eu.arrowhead.common.token.TokenUtilitiesTest" time="0.094"/>
  <testcase name="testValidateTokenAndExtractTokenInfoMissingServiceInfo" classname="eu.arrowhead.common.token.TokenUtilitiesTest" time="0.092"/>
</testsuite>